<?xml version="1.0" encoding="UTF-8"?>
<!-- Generated by org.testng.reporters.JUnitXMLReporter -->
<testsuite ignored="0" hostname="Rupalis-MacBook-Pro.local" failures="0" tests="2" name="Default test" time="60.536" errors="0" timestamp="2023-02-18T19:36:27 GMT-08:00">
  <testcase classname="com.samsung.qa.testcases.MapSearchTest" name="coordinatesTest" time="34.057"/>
  <testcase classname="com.samsung.qa.testcases.MapSearchTest" name="coordinatesTest" time="18.235"/>
</testsuite> <!-- Default test -->
