<?xml version="1.0" encoding="UTF-8"?>
<!-- Generated by org.testng.reporters.JUnitXMLReporter -->
<testsuite ignored="1" hostname="Rupalis-MacBook-Pro.local" failures="0" tests="2" name="Default test" time="48.387" errors="0" timestamp="2023-02-19T15:46:29 GMT-08:00">
  <testcase classname="com.samsung.qa.testcases.MapSearchTest" name="coordinatesTest" time="31.871"/>
  <testcase classname="com.samsung.qa.testcases.MapSearchTest" name="coordinatesTest" time="7.761"/>
  <testcase classname="com.samsung.qa.testcases.MapSearchTest" name="geolocationCoordinatesTest" time="0.0">
    <ignored/>
  </testcase> <!-- geolocationCoordinatesTest -->
</testsuite> <!-- Default test -->
