<?xml version="1.0" encoding="UTF-8"?>
<!-- Generated by org.testng.reporters.JUnitXMLReporter -->
<testsuite ignored="1" hostname="Rupalis-MacBook-Pro.local" failures="0" tests="2" name="Samsung Challenge Test Case" time="51.82" errors="0" timestamp="2023-02-20T09:55:11 GMT-08:00">
  <testcase classname="com.samsung.qa.testcases.MapSearchTest" name="coordinatesTest" time="35.061"/>
  <testcase classname="com.samsung.qa.testcases.MapSearchTest" name="coordinatesTest" time="7.379"/>
  <testcase classname="com.samsung.qa.testcases.MapSearchTest" name="geolocationCoordinatesTest" time="0.0">
    <ignored/>
  </testcase> <!-- geolocationCoordinatesTest -->
</testsuite> <!-- Samsung Challenge Test Case -->
