<?xml version="1.0" encoding="UTF-8"?>
<!-- Generated by org.testng.reporters.JUnitXMLReporter -->
<testsuite ignored="0" hostname="Rupalis-MacBook-Pro.local" failures="1" tests="4" name="Samsung Challenge Test Case" time="52.601" errors="0" timestamp="2023-02-21T14:41:43 GMT-08:00">
  <testcase classname="com.samsung.qa.testcases.ApiSearchTest" name="geolocationCoordinatesTest" time="3.591"/>
  <testcase classname="com.samsung.qa.testcases.ApiSearchTest" name="geolocationCoordinatesTest" time="0.678">
    <failure type="java.lang.AssertionError" message="The following asserts failed:
	the latitude coordinates doesnt match expected [37.5704131] but found [37.5281],
	the longitude coordinates doesnt match expected [-122.0401191] but found [-121.9732]">
      <![CDATA[java.lang.AssertionError: The following asserts failed:
the latitude coordinates doesnt match expected [37.5704131] but found [37.5281],
the longitude coordinates doesnt match expected [-122.0401191] but found [-121.9732]
at com.samsung.qa.testcases.ApiSearchTest.geolocationCoordinatesTest(ApiSearchTest.java:60)
at java.base/java.util.ArrayList.forEach(ArrayList.java:1511)
... Removed 29 stack frames]]>
    </failure>
  </testcase> <!-- geolocationCoordinatesTest -->
  <testcase classname="com.samsung.qa.testcases.MapSearchTest" name="coordinatesTest" time="31.579"/>
  <testcase classname="com.samsung.qa.testcases.MapSearchTest" name="coordinatesTest" time="8.435"/>
</testsuite> <!-- Samsung Challenge Test Case -->
