<?xml version="1.0" encoding="UTF-8"?>
<testng-results ignored="0" total="2" passed="2" failed="0" skipped="0">
  <reporter-output>
  </reporter-output>
  <suite started-at="2023-02-18T19:35:27 GMT-08:00" name="Default suite" finished-at="2023-02-18T19:36:27 GMT-08:00" duration-ms="60536">
    <groups>
    </groups>
    <test started-at="2023-02-18T19:35:27 GMT-08:00" name="Default test" finished-at="2023-02-18T19:36:27 GMT-08:00" duration-ms="60536">
      <class name="com.samsung.qa.testcases.MapSearchTest">
        <test-method is-config="true" signature="setUp()[pri:0, instance:com.samsung.qa.testcases.MapSearchTest@63376bed]" started-at="2023-02-18T19:35:27 GMT-08:00" name="setUp" finished-at="2023-02-18T19:35:34 GMT-08:00" duration-ms="7181" status="PASS">
          <reporter-output>
          </reporter-output>
        </test-method> <!-- setUp -->
        <test-method signature="coordinatesTest(java.lang.String,java.lang.String,java.lang.String)[pri:1, instance:com.samsung.qa.testcases.MapSearchTest@63376bed]" started-at="2023-02-18T19:35:35 GMT-08:00" name="coordinatesTest" data-provider="getTestData" finished-at="2023-02-18T19:36:09 GMT-08:00" duration-ms="34057" status="PASS">
          <params>
            <param index="0">
              <value>
                <![CDATA[99 Ranch Market Fremont Boulevard]]>
              </value>
            </param>
            <param index="1">
              <value>
                <![CDATA[37.575346]]>
              </value>
            </param>
            <param index="2">
              <value>
                <![CDATA[-122.0413917]]>
              </value>
            </param>
          </params>
          <reporter-output>
          </reporter-output>
        </test-method> <!-- coordinatesTest -->
        <test-method signature="coordinatesTest(java.lang.String,java.lang.String,java.lang.String)[pri:1, instance:com.samsung.qa.testcases.MapSearchTest@63376bed]" started-at="2023-02-18T19:36:09 GMT-08:00" name="coordinatesTest" data-provider="getTestData" finished-at="2023-02-18T19:36:27 GMT-08:00" duration-ms="18235" status="PASS">
          <params>
            <param index="0">
              <value>
                <![CDATA[Crandall Creek Park]]>
              </value>
            </param>
            <param index="1">
              <value>
                <![CDATA[37.5704131]]>
              </value>
            </param>
            <param index="2">
              <value>
                <![CDATA[-122.0401191]]>
              </value>
            </param>
          </params>
          <reporter-output>
          </reporter-output>
        </test-method> <!-- coordinatesTest -->
        <test-method is-config="true" signature="tearDown()[pri:0, instance:com.samsung.qa.testcases.MapSearchTest@63376bed]" started-at="2023-02-18T19:36:27 GMT-08:00" name="tearDown" finished-at="2023-02-18T19:36:27 GMT-08:00" duration-ms="248" status="PASS">
          <reporter-output>
          </reporter-output>
        </test-method> <!-- tearDown -->
      </class> <!-- com.samsung.qa.testcases.MapSearchTest -->
    </test> <!-- Default test -->
  </suite> <!-- Default suite -->
</testng-results>
